# JRE version: OpenJDK Runtime Environment (8.0_152-b01) (build 1.8.0_152-release-915-b01)
# Java VM: OpenJDK 64-Bit Server VM (25.152-b01 mixed mode windows-amd64 compressed oops)
Heap:
 PSYoungGen      total 346112K, used 12417K [0x00000000e0000000, 0x00000000fd800000, 0x0000000100000000)
  eden space 318464K, 3% used [0x00000000e0000000,0x00000000e0c20480,0x00000000f3700000)
  from space 27648K, 0% used [0x00000000f3700000,0x00000000f3700000,0x00000000f5200000)
  to   space 29696K, 0% used [0x00000000fbb00000,0x00000000fbb00000,0x00000000fd800000)
 ParOldGen       total 122368K, used 52993K [0x00000000a0000000, 0x00000000a7780000, 0x00000000e0000000)
  object space 122368K, 43% used [0x00000000a0000000,0x00000000a33c06f0,0x00000000a7780000)
 Metaspace       used 57341K, capacity 59792K, committed 60180K, reserved 1101824K
  class space    used 7813K, capacity 8434K, committed 8508K, reserved 1048576K
GC Heap History (10 events):
Event: 10.302 GC heap before
{Heap before GC invocations=8 (full 2):
 PSYoungGen      total 215552K, used 9939K [0x00000000e0000000, 0x00000000eed00000, 0x0000000100000000)
  eden space 201728K, 0% used [0x00000000e0000000,0x00000000e0000000,0x00000000ec500000)
  from space 13824K, 71% used [0x00000000ed280000,0x00000000edc34e38,0x00000000ee000000)
  to   space 13824K, 0% used [0x00000000ec500000,0x00000000ec500000,0x00000000ed280000)
 ParOldGen       total 88064K, used 7151K [0x00000000a0000000, 0x00000000a5600000, 0x00000000e0000000)
  object space 88064K, 8% used [0x00000000a0000000,0x00000000a06fbef0,0x00000000a5600000)
 Metaspace       used 34489K, capacity 35240K, committed 35416K, reserved 1079296K
  class space    used 4694K, capacity 4970K, committed 4992K, reserved 1048576K
Event: 10.389 GC heap after
Heap after GC invocations=8 (full 2):
 PSYoungGen      total 215552K, used 0K [0x00000000e0000000, 0x00000000eed00000, 0x0000000100000000)
  eden space 201728K, 0% used [0x00000000e0000000,0x00000000e0000000,0x00000000ec500000)
  from space 13824K, 0% used [0x00000000ed280000,0x00000000ed280000,0x00000000ee000000)
  to   space 13824K, 0% used [0x00000000ec500000,0x00000000ec500000,0x00000000ed280000)
 ParOldGen       total 122368K, used 16280K [0x00000000a0000000, 0x00000000a7780000, 0x00000000e0000000)
  object space 122368K, 13% used [0x00000000a0000000,0x00000000a0fe6118,0x00000000a7780000)
 Metaspace       used 34489K, capacity 35240K, committed 35416K, reserved 1079296K
  class space    used 4694K, capacity 4970K, committed 4992K, reserved 1048576K
}
Event: 13.689 GC heap before
{Heap before GC invocations=9 (full 2):
 PSYoungGen      total 215552K, used 201728K [0x00000000e0000000, 0x00000000eed00000, 0x0000000100000000)
  eden space 201728K, 100% used [0x00000000e0000000,0x00000000ec500000,0x00000000ec500000)
  from space 13824K, 0% used [0x00000000ed280000,0x00000000ed280000,0x00000000ee000000)
  to   space 13824K, 0% used [0x00000000ec500000,0x00000000ec500000,0x00000000ed280000)
 ParOldGen       total 122368K, used 16280K [0x00000000a0000000, 0x00000000a7780000, 0x00000000e0000000)
  object space 122368K, 13% used [0x00000000a0000000,0x00000000a0fe6118,0x00000000a7780000)
 Metaspace       used 47355K, capacity 48494K, committed 48728K, reserved 1091584K
  class space    used 6347K, capacity 6739K, committed 6784K, reserved 1048576K
Event: 13.705 GC heap after
Heap after GC invocations=9 (full 2):
 PSYoungGen      total 215552K, used 13819K [0x00000000e0000000, 0x00000000f6380000, 0x0000000100000000)
  eden space 201728K, 0% used [0x00000000e0000000,0x00000000e0000000,0x00000000ec500000)
  from space 13824K, 99% used [0x00000000ec500000,0x00000000ed27ed90,0x00000000ed280000)
  to   space 17920K, 0% used [0x00000000f5200000,0x00000000f5200000,0x00000000f6380000)
 ParOldGen       total 122368K, used 21401K [0x00000000a0000000, 0x00000000a7780000, 0x00000000e0000000)
  object space 122368K, 17% used [0x00000000a0000000,0x00000000a14e64b0,0x00000000a7780000)
 Metaspace       used 47355K, capacity 48494K, committed 48728K, reserved 1091584K
  class space    used 6347K, capacity 6739K, committed 6784K, reserved 1048576K
}
Event: 16.911 GC heap before
{Heap before GC invocations=10 (full 2):
 PSYoungGen      total 215552K, used 215547K [0x00000000e0000000, 0x00000000f6380000, 0x0000000100000000)
  eden space 201728K, 100% used [0x00000000e0000000,0x00000000ec500000,0x00000000ec500000)
  from space 13824K, 99% used [0x00000000ec500000,0x00000000ed27ed90,0x00000000ed280000)
  to   space 17920K, 0% used [0x00000000f5200000,0x00000000f5200000,0x00000000f6380000)
 ParOldGen       total 122368K, used 21401K [0x00000000a0000000, 0x00000000a7780000, 0x00000000e0000000)
  object space 122368K, 17% used [0x00000000a0000000,0x00000000a14e64b0,0x00000000a7780000)
 Metaspace       used 54987K, capacity 57072K, committed 57304K, reserved 1097728K
  class space    used 7577K, capacity 8141K, committed 8192K, reserved 1048576K
Event: 16.988 GC heap after
Heap after GC invocations=10 (full 2):
 PSYoungGen      total 336384K, used 17888K [0x00000000e0000000, 0x00000000f7380000, 0x0000000100000000)
  eden space 318464K, 0% used [0x00000000e0000000,0x00000000e0000000,0x00000000f3700000)
  from space 17920K, 99% used [0x00000000f5200000,0x00000000f6378210,0x00000000f6380000)
  to   space 27648K, 0% used [0x00000000f3700000,0x00000000f3700000,0x00000000f5200000)
 ParOldGen       total 122368K, used 38332K [0x00000000a0000000, 0x00000000a7780000, 0x00000000e0000000)
  object space 122368K, 31% used [0x00000000a0000000,0x00000000a256f3f0,0x00000000a7780000)
 Metaspace       used 54987K, capacity 57072K, committed 57304K, reserved 1097728K
  class space    used 7577K, capacity 8141K, committed 8192K, reserved 1048576K
}
Event: 24.994 GC heap before
{Heap before GC invocations=11 (full 2):
 PSYoungGen      total 336384K, used 105522K [0x00000000e0000000, 0x00000000f7380000, 0x0000000100000000)
  eden space 318464K, 27% used [0x00000000e0000000,0x00000000e5594738,0x00000000f3700000)
  from space 17920K, 99% used [0x00000000f5200000,0x00000000f6378210,0x00000000f6380000)
  to   space 27648K, 0% used [0x00000000f3700000,0x00000000f3700000,0x00000000f5200000)
 ParOldGen       total 122368K, used 38332K [0x00000000a0000000, 0x00000000a7780000, 0x00000000e0000000)
  object space 122368K, 31% used [0x00000000a0000000,0x00000000a256f3f0,0x00000000a7780000)
 Metaspace       used 56632K, capacity 58986K, committed 59028K, reserved 1099776K
  class space    used 7738K, capacity 8339K, committed 8380K, reserved 1048576K
Event: 25.017 GC heap after
Heap after GC invocations=11 (full 2):
 PSYoungGen      total 346112K, used 22165K [0x00000000e0000000, 0x00000000fd800000, 0x0000000100000000)
  eden space 318464K, 0% used [0x00000000e0000000,0x00000000e0000000,0x00000000f3700000)
  from space 27648K, 80% used [0x00000000f3700000,0x00000000f4ca56a0,0x00000000f5200000)
  to   space 29696K, 0% used [0x00000000fbb00000,0x00000000fbb00000,0x00000000fd800000)
 ParOldGen       total 122368K, used 38340K [0x00000000a0000000, 0x00000000a7780000, 0x00000000e0000000)
  object space 122368K, 31% used [0x00000000a0000000,0x00000000a25713f0,0x00000000a7780000)
 Metaspace       used 56632K, capacity 58986K, committed 59028K, reserved 1099776K
  class space    used 7738K, capacity 8339K, committed 8380K, reserved 1048576K
}
Event: 25.017 GC heap before
{Heap before GC invocations=12 (full 3):
 PSYoungGen      total 346112K, used 22165K [0x00000000e0000000, 0x00000000fd800000, 0x0000000100000000)
  eden space 318464K, 0% used [0x00000000e0000000,0x00000000e0000000,0x00000000f3700000)
  from space 27648K, 80% used [0x00000000f3700000,0x00000000f4ca56a0,0x00000000f5200000)
  to   space 29696K, 0% used [0x00000000fbb00000,0x00000000fbb00000,0x00000000fd800000)
 ParOldGen       total 122368K, used 38340K [0x00000000a0000000, 0x00000000a7780000, 0x00000000e0000000)
  object space 122368K, 31% used [0x00000000a0000000,0x00000000a25713f0,0x00000000a7780000)
 Metaspace       used 56632K, capacity 58986K, committed 59028K, reserved 1099776K
  class space    used 7738K, capacity 8339K, committed 8380K, reserved 1048576K
Event: 25.488 GC heap after
Heap after GC invocations=12 (full 3):
 PSYoungGen      total 346112K, used 0K [0x00000000e0000000, 0x00000000fd800000, 0x0000000100000000)
  eden space 318464K, 0% used [0x00000000e0000000,0x00000000e0000000,0x00000000f3700000)
  from space 27648K, 0% used [0x00000000f3700000,0x00000000f3700000,0x00000000f5200000)
  to   space 29696K, 0% used [0x00000000fbb00000,0x00000000fbb00000,0x00000000fd800000)
 ParOldGen       total 122368K, used 52993K [0x00000000a0000000, 0x00000000a7780000, 0x00000000e0000000)
  object space 122368K, 43% used [0x00000000a0000000,0x00000000a33c06f0,0x00000000a7780000)
 Metaspace       used 56632K, capacity 58986K, committed 59028K, reserved 1099776K
  class space    used 7738K, capacity 8339K, committed 8380K, reserved 1048576K
}

